This is XeTeX, Version 3.141592653-2.6-0.999997 (TeX Live 2025) (preloaded format=xelatex 2025.4.14)  24 APR 2025 14:36
entering extended mode
 restricted \write18 enabled.
 %&-line parsing enabled.
**main.tex
(./main.tex
LaTeX2e <2024-11-01> patch level 2
L3 programming layer <2025-03-26>
(/Users/version22/Library/TinyTeX/texmf-dist/tex/latex/base/report.cls
Document Class: report 2024/06/29 v1.4n Standard LaTeX document class
(/Users/version22/Library/TinyTeX/texmf-dist/tex/latex/base/size12.clo
File: size12.clo 2024/06/29 v1.4n Standard LaTeX file (size option)
)
\c@part=\count193
\c@chapter=\count194
\c@section=\count195
\c@subsection=\count196
\c@subsubsection=\count197
\c@paragraph=\count198
\c@subparagraph=\count199
\c@figure=\count266
\c@table=\count267
\abovecaptionskip=\skip49
\belowcaptionskip=\skip50
\bibindent=\dimen146
) (/Users/version22/Library/TinyTeX/texmf-dist/tex/latex/fontspec/fontspec.sty (/Users/version22/Library/TinyTeX/texmf-dist/tex/latex/l3packages/xparse/xparse.sty (/Users/version22/Library/TinyTeX/texmf-dist/tex/latex/l3kernel/expl3.sty
Package: expl3 2025-03-26 L3 programming layer (loader) 
 (/Users/version22/Library/TinyTeX/texmf-dist/tex/latex/l3backend/l3backend-xetex.def
File: l3backend-xetex.def 2025-03-14 L3 backend support: XeTeX
\g__graphics_track_int=\count268
\g__pdfannot_backend_int=\count269
\g__pdfannot_backend_link_int=\count270
))
Package: xparse 2024-08-16 L3 Experimental document command parser
)
Package: fontspec 2024/05/11 v2.9e Font selection for XeLaTeX and LuaLaTeX
 (/Users/version22/Library/TinyTeX/texmf-dist/tex/latex/fontspec/fontspec-xetex.sty
Package: fontspec-xetex 2024/05/11 v2.9e Font selection for XeLaTeX and LuaLaTeX
\l__fontspec_script_int=\count271
\l__fontspec_language_int=\count272
\l__fontspec_strnum_int=\count273
\l__fontspec_tmp_int=\count274
\l__fontspec_tmpa_int=\count275
\l__fontspec_tmpb_int=\count276
\l__fontspec_tmpc_int=\count277
\l__fontspec_em_int=\count278
\l__fontspec_emdef_int=\count279
\l__fontspec_strong_int=\count280
\l__fontspec_strongdef_int=\count281
\l__fontspec_tmpa_dim=\dimen147
\l__fontspec_tmpb_dim=\dimen148
\l__fontspec_tmpc_dim=\dimen149
 (/Users/version22/Library/TinyTeX/texmf-dist/tex/latex/base/fontenc.sty
Package: fontenc 2021/04/29 v2.0v Standard LaTeX package
) (/Users/version22/Library/TinyTeX/texmf-dist/tex/latex/fontspec/fontspec.cfg))) (/Users/version22/Library/TinyTeX/texmf-dist/tex/generic/babel/babel.sty
Package: babel 2025/03/27 v25.6 The multilingual framework for pdfLaTeX, LuaLaTeX and XeLaTeX
\babel@savecnt=\count282
\U@D=\dimen150
\l@unhyphenated=\language3
 (/Users/version22/Library/TinyTeX/texmf-dist/tex/generic/babel/xebabel.def)
\bbl@readstream=\read2
\bbl@dirlevel=\count283
 (/Users/version22/Library/TinyTeX/texmf-dist/tex/generic/babel-french/french.ldf
Language: french 2024-07-25 v3.6c French support from the babel system
Package babel Info: Hyphen rules for 'french' set to \l@nohyphenation
(babel)             (\language2). Reported on input line 87.


Package babel Warning: No hyphenation patterns were preloaded for
(babel)                the language 'French' into the format.
(babel)                Please, configure your TeX system to add them and
(babel)                rebuild the format. Now I will use the patterns
(babel)                preloaded for \language=nohyphenation instead on input line 87.

Package babel Info: Hyphen rules for 'acadian' set to \l@nohyphenation
(babel)             (\language2). Reported on input line 91.
Package babel Info: Hyphen rules for 'canadien' set to \l@nohyphenation
(babel)             (\language2). Reported on input line 92.
\FB@stdchar=\count284
Package french.ldf Info: No need for active punctuation characters
(french.ldf)             with this version of XeTeX!
(french.ldf)             reported on input line 312.
\FB@punctthick=\XeTeXcharclass4
\FB@punctthin=\XeTeXcharclass5
\FB@punctnul=\XeTeXcharclass6
\FB@guilo=\XeTeXcharclass7
\FB@guilf=\XeTeXcharclass8
\FB@guilnul=\XeTeXcharclass9
\FBguill@level=\count285
\FBold@everypar=\toks17
\FB@Mht=\dimen151
\mc@charclass=\count286
\mc@charfam=\count287
\mc@charslot=\count288
\std@mcc=\count289
\dec@mcc=\count290
\FB@parskip=\dimen152
\listindentFB=\dimen153
\descindentFB=\dimen154
\labelindentFB=\dimen155
\labelwidthFB=\dimen156
\leftmarginFB=\dimen157
\parindentFFN=\dimen158
\FBfnindent=\dimen159
)) (/Users/version22/Library/TinyTeX/texmf-dist/tex/generic/babel/locale/fr/babel-french.tex
Package babel Info: Importing font and identification data for french
(babel)             from babel-fr.ini. Reported on input line 11.
) (/Users/version22/Library/TinyTeX/texmf-dist/tex/latex/carlisle/scalefnt.sty) (/Users/version22/Library/TinyTeX/texmf-dist/tex/latex/geometry/geometry.sty
Package: geometry 2020/01/02 v5.9 Page Geometry
 (/Users/version22/Library/TinyTeX/texmf-dist/tex/latex/graphics/keyval.sty
Package: keyval 2022/05/29 v1.15 key=value parser (DPC)
\KV@toks@=\toks18
) (/Users/version22/Library/TinyTeX/texmf-dist/tex/generic/iftex/ifvtex.sty
Package: ifvtex 2019/10/25 v1.7 ifvtex legacy package. Use iftex instead.
 (/Users/version22/Library/TinyTeX/texmf-dist/tex/generic/iftex/iftex.sty
Package: iftex 2024/12/12 v1.0g TeX engine tests
))
\Gm@cnth=\count291
\Gm@cntv=\count292
\c@Gm@tempcnt=\count293
\Gm@bindingoffset=\dimen160
\Gm@wd@mp=\dimen161
\Gm@odd@mp=\dimen162
\Gm@even@mp=\dimen163
\Gm@layoutwidth=\dimen164
\Gm@layoutheight=\dimen165
\Gm@layouthoffset=\dimen166
\Gm@layoutvoffset=\dimen167
\Gm@dimlist=\toks19
) (/Users/version22/Library/TinyTeX/texmf-dist/tex/latex/graphics/graphicx.sty
Package: graphicx 2021/09/16 v1.2d Enhanced LaTeX Graphics (DPC,SPQR)
 (/Users/version22/Library/TinyTeX/texmf-dist/tex/latex/graphics/graphics.sty
Package: graphics 2024/08/06 v1.4g Standard LaTeX Graphics (DPC,SPQR)
 (/Users/version22/Library/TinyTeX/texmf-dist/tex/latex/graphics/trig.sty
Package: trig 2023/12/02 v1.11 sin cos tan (DPC)
) (/Users/version22/Library/TinyTeX/texmf-dist/tex/latex/graphics-cfg/graphics.cfg
File: graphics.cfg 2016/06/04 v1.11 sample graphics configuration
)
Package graphics Info: Driver file: xetex.def on input line 106.
 (/Users/version22/Library/TinyTeX/texmf-dist/tex/latex/graphics-def/xetex.def
File: xetex.def 2022/09/22 v5.0n Graphics/color driver for xetex
))
\Gin@req@height=\dimen168
\Gin@req@width=\dimen169
) (/Users/version22/Library/TinyTeX/texmf-dist/tex/latex/fancyhdr/fancyhdr.sty
Package: fancyhdr 2025/02/07 v5.2 Extensive control of page headers and footers
\f@nch@headwidth=\skip51
\f@nch@offset@elh=\skip52
\f@nch@offset@erh=\skip53
\f@nch@offset@olh=\skip54
\f@nch@offset@orh=\skip55
\f@nch@offset@elf=\skip56
\f@nch@offset@erf=\skip57
\f@nch@offset@olf=\skip58
\f@nch@offset@orf=\skip59
\f@nch@height=\skip60
\f@nch@footalignment=\skip61
\f@nch@widthL=\skip62
\f@nch@widthC=\skip63
\f@nch@widthR=\skip64
\@temptokenb=\toks20
) (/Users/version22/Library/TinyTeX/texmf-dist/tex/latex/listings/listings.sty
\lst@mode=\count294
\lst@gtempboxa=\box53
\lst@token=\toks21
\lst@length=\count295
\lst@currlwidth=\dimen170
\lst@column=\count296
\lst@pos=\count297
\lst@lostspace=\dimen171
\lst@width=\dimen172
\lst@newlines=\count298
\lst@lineno=\count299
\lst@maxwidth=\dimen173
 (/Users/version22/Library/TinyTeX/texmf-dist/tex/latex/listings/lstpatch.sty
File: lstpatch.sty 2024/09/23 1.10c (Carsten Heinz)
) (/Users/version22/Library/TinyTeX/texmf-dist/tex/latex/listings/lstmisc.sty
File: lstmisc.sty 2024/09/23 1.10c (Carsten Heinz)
\c@lstnumber=\count300
\lst@skipnumbers=\count301
\lst@framebox=\box54
) (/Users/version22/Library/TinyTeX/texmf-dist/tex/latex/listings/listings.cfg
File: listings.cfg 2024/09/23 1.10c listings configuration
))
Package: listings 2024/09/23 1.10c (Carsten Heinz)
 (/Users/version22/Library/TinyTeX/texmf-dist/tex/latex/xcolor/xcolor.sty
Package: xcolor 2024/09/29 v3.02 LaTeX color extensions (UK)
 (/Users/version22/Library/TinyTeX/texmf-dist/tex/latex/graphics-cfg/color.cfg
File: color.cfg 2016/01/02 v1.6 sample color configuration
)
Package xcolor Info: Driver file: xetex.def on input line 274.
 (/Users/version22/Library/TinyTeX/texmf-dist/tex/latex/graphics/mathcolor.ltx)
Package xcolor Info: Model `cmy' substituted by `cmy0' on input line 1349.
Package xcolor Info: Model `RGB' extended on input line 1365.
Package xcolor Info: Model `HTML' substituted by `rgb' on input line 1367.
Package xcolor Info: Model `Hsb' substituted by `hsb' on input line 1368.
Package xcolor Info: Model `tHsb' substituted by `hsb' on input line 1369.
Package xcolor Info: Model `HSB' substituted by `hsb' on input line 1370.
Package xcolor Info: Model `Gray' substituted by `gray' on input line 1371.
Package xcolor Info: Model `wave' substituted by `hsb' on input line 1372.
) (/Users/version22/Library/TinyTeX/texmf-dist/tex/latex/titlesec/titlesec.sty
Package: titlesec 2025/01/04 v2.17 Sectioning titles
\ttl@box=\box55
\beforetitleunit=\skip65
\aftertitleunit=\skip66
\ttl@plus=\dimen174
\ttl@minus=\dimen175
\ttl@toksa=\toks22
\titlewidth=\dimen176
\titlewidthlast=\dimen177
\titlewidthfirst=\dimen178
) (/Users/version22/Library/TinyTeX/texmf-dist/tex/latex/enumitem/enumitem.sty
Package: enumitem 2025/02/06 v3.11 Customized lists
\labelindent=\skip67
\enit@outerparindent=\dimen179
\enit@toks=\toks23
\enit@inbox=\box56
\enit@count@id=\count302
\enitdp@description=\count303
) (/Users/version22/Library/TinyTeX/texmf-dist/tex/latex/booktabs/booktabs.sty
Package: booktabs 2020/01/12 v1.61803398 Publication quality tables
\heavyrulewidth=\dimen180
\lightrulewidth=\dimen181
\cmidrulewidth=\dimen182
\belowrulesep=\dimen183
\belowbottomsep=\dimen184
\aboverulesep=\dimen185
\abovetopsep=\dimen186
\cmidrulesep=\dimen187
\cmidrulekern=\dimen188
\defaultaddspace=\dimen189
\@cmidla=\count304
\@cmidlb=\count305
\@aboverulesep=\dimen190
\@belowrulesep=\dimen191
\@thisruleclass=\count306
\@lastruleclass=\count307
\@thisrulewidth=\dimen192
) (/Users/version22/Library/TinyTeX/texmf-dist/tex/latex/float/float.sty
Package: float 2001/11/08 v1.3d Float enhancements (AL)
\c@float@type=\count308
\float@exts=\toks24
\float@box=\box57
\@float@everytoks=\toks25
\@floatcapt=\box58
) (/Users/version22/Library/TinyTeX/texmf-dist/tex/latex/caption/caption.sty
Package: caption 2023/08/05 v3.6o Customizing captions (AR)
 (/Users/version22/Library/TinyTeX/texmf-dist/tex/latex/caption/caption3.sty
Package: caption3 2023/07/31 v2.4d caption3 kernel (AR)
\caption@tempdima=\dimen193
\captionmargin=\dimen194
\caption@leftmargin=\dimen195
\caption@rightmargin=\dimen196
\caption@width=\dimen197
\caption@indent=\dimen198
\caption@parindent=\dimen199
\caption@hangindent=\dimen256
Package caption Info: Standard document class detected.
Package caption Info: french babel package is loaded.
)
\c@caption@flags=\count309
\c@continuedfloat=\count310
Package caption Info: float package is loaded.
Package caption Info: listings package is loaded.
) (/Users/version22/Library/TinyTeX/texmf-dist/tex/latex/caption/subcaption.sty
Package: subcaption 2023/07/28 v1.6b Sub-captions (AR)
Package caption Info: New subtype `subfigure' on input line 238.
\c@subfigure=\count311
Package caption Info: New subtype `subtable' on input line 238.
\c@subtable=\count312
) (/Users/version22/Library/TinyTeX/texmf-dist/tex/latex/url/url.sty
\Urlmuskip=\muskip17
Package: url 2013/09/16  ver 3.4  Verb mode for urls, etc.
) (/Users/version22/Library/TinyTeX/texmf-dist/tex/latex/tools/tabularx.sty
Package: tabularx 2023/12/11 v2.12a `tabularx' package (DPC)
 (/Users/version22/Library/TinyTeX/texmf-dist/tex/latex/tools/array.sty
Package: array 2024/10/17 v2.6g Tabular extension package (FMi)
\col@sep=\dimen257
\ar@mcellbox=\box59
\extrarowheight=\dimen258
\NC@list=\toks26
\extratabsurround=\skip68
\backup@length=\skip69
\ar@cellbox=\box60
)
\TX@col@width=\dimen259
\TX@old@table=\dimen260
\TX@old@col=\dimen261
\TX@target=\dimen262
\TX@delta=\dimen263
\TX@cols=\count313
\TX@ftn=\toks27
) (/Users/version22/Library/TinyTeX/texmf-dist/tex/latex/setspace/setspace.sty
Package: setspace 2022/12/04 v6.7b set line spacing
) (/Users/version22/Library/TinyTeX/texmf-dist/tex/latex/biblatex/biblatex.sty
Package: biblatex 2024/03/21 v3.20 programmable bibliographies (PK/MW)
 (/Users/version22/Library/TinyTeX/texmf-dist/tex/generic/pdftexcmds/pdftexcmds.sty
Package: pdftexcmds 2020-06-27 v0.33 Utility functions of pdfTeX for LuaTeX (HO)
 (/Users/version22/Library/TinyTeX/texmf-dist/tex/generic/infwarerr/infwarerr.sty
Package: infwarerr 2019/12/03 v1.5 Providing info/warning/error messages (HO)
) (/Users/version22/Library/TinyTeX/texmf-dist/tex/generic/ltxcmds/ltxcmds.sty
Package: ltxcmds 2023-12-04 v1.26 LaTeX kernel commands for general use (HO)
)
Package pdftexcmds Info: \pdf@primitive is available.
Package pdftexcmds Info: \pdf@ifprimitive is available.
Package pdftexcmds Info: \pdfdraftmode not found.
) (/Users/version22/Library/TinyTeX/texmf-dist/tex/latex/etoolbox/etoolbox.sty
Package: etoolbox 2025/02/11 v2.5l e-TeX tools for LaTeX (JAW)
\etb@tempcnta=\count314
) (/Users/version22/Library/TinyTeX/texmf-dist/tex/latex/kvoptions/kvoptions.sty
Package: kvoptions 2022-06-15 v3.15 Key value format for package options (HO)
 (/Users/version22/Library/TinyTeX/texmf-dist/tex/latex/kvsetkeys/kvsetkeys.sty
Package: kvsetkeys 2022-10-05 v1.19 Key value parser (HO)
)) (/Users/version22/Library/TinyTeX/texmf-dist/tex/latex/logreq/logreq.sty
Package: logreq 2010/08/04 v1.0 xml request logger
\lrq@indent=\count315
 (/Users/version22/Library/TinyTeX/texmf-dist/tex/latex/logreq/logreq.def
File: logreq.def 2010/08/04 v1.0 logreq spec v1.0
)) (/Users/version22/Library/TinyTeX/texmf-dist/tex/latex/base/ifthen.sty
Package: ifthen 2024/03/16 v1.1e Standard LaTeX ifthen package (DPC)
)
\c@tabx@nest=\count316
\c@listtotal=\count317
\c@listcount=\count318
\c@liststart=\count319
\c@liststop=\count320
\c@citecount=\count321
\c@citetotal=\count322
\c@multicitecount=\count323
\c@multicitetotal=\count324
\c@instcount=\count325
\c@maxnames=\count326
\c@minnames=\count327
\c@maxitems=\count328
\c@minitems=\count329
\c@citecounter=\count330
\c@maxcitecounter=\count331
\c@savedcitecounter=\count332
\c@uniquelist=\count333
\c@uniquename=\count334
\c@refsection=\count335
\c@refsegment=\count336
\c@maxextratitle=\count337
\c@maxextratitleyear=\count338
\c@maxextraname=\count339
\c@maxextradate=\count340
\c@maxextraalpha=\count341
\c@abbrvpenalty=\count342
\c@highnamepenalty=\count343
\c@lownamepenalty=\count344
\c@maxparens=\count345
\c@parenlevel=\count346
\blx@tempcnta=\count347
\blx@tempcntb=\count348
\blx@tempcntc=\count349
\c@blx@maxsection=\count350
\blx@maxsegment@0=\count351
\blx@notetype=\count352
\blx@parenlevel@text=\count353
\blx@parenlevel@foot=\count354
\blx@sectionciteorder@0=\count355
\blx@sectionciteorderinternal@0=\count356
\blx@entrysetcounter=\count357
\blx@biblioinstance=\count358
\labelnumberwidth=\skip70
\labelalphawidth=\skip71
\biblabelsep=\skip72
\bibitemsep=\skip73
\bibnamesep=\skip74
\bibinitsep=\skip75
\bibparsep=\skip76
\bibhang=\skip77
\blx@bcfin=\read3
\blx@bcfout=\write3
\blx@langwohyphens=\language4
\c@mincomprange=\count359
\c@maxcomprange=\count360
\c@mincompwidth=\count361
Package biblatex Info: Trying to load biblatex default data model...
Package biblatex Info: ... file 'blx-dm.def' found.
 (/Users/version22/Library/TinyTeX/texmf-dist/tex/latex/biblatex/blx-dm.def
File: blx-dm.def 2024/03/21 v3.20 biblatex datamodel (PK/MW)
)
Package biblatex Info: Trying to load biblatex style data model...
Package biblatex Info: ... file 'numeric.dbx' not found.
Package biblatex Info: Trying to load biblatex custom data model...
Package biblatex Info: ... file 'biblatex-dm.cfg' not found.
\c@afterword=\count362
\c@savedafterword=\count363
\c@annotator=\count364
\c@savedannotator=\count365
\c@author=\count366
\c@savedauthor=\count367
\c@bookauthor=\count368
\c@savedbookauthor=\count369
\c@commentator=\count370
\c@savedcommentator=\count371
\c@editor=\count372
\c@savededitor=\count373
\c@editora=\count374
\c@savededitora=\count375
\c@editorb=\count376
\c@savededitorb=\count377
\c@editorc=\count378
\c@savededitorc=\count379
\c@foreword=\count380
\c@savedforeword=\count381
\c@holder=\count382
\c@savedholder=\count383
\c@introduction=\count384
\c@savedintroduction=\count385
\c@namea=\count386
\c@savednamea=\count387
\c@nameb=\count388
\c@savednameb=\count389
\c@namec=\count390
\c@savednamec=\count391
\c@translator=\count392
\c@savedtranslator=\count393
\c@shortauthor=\count394
\c@savedshortauthor=\count395
\c@shorteditor=\count396
\c@savedshorteditor=\count397
\c@labelname=\count398
\c@savedlabelname=\count399
\c@institution=\count400
\c@savedinstitution=\count401
\c@lista=\count402
\c@savedlista=\count403
\c@listb=\count404
\c@savedlistb=\count405
\c@listc=\count406
\c@savedlistc=\count407
\c@listd=\count408
\c@savedlistd=\count409
\c@liste=\count410
\c@savedliste=\count411
\c@listf=\count412
\c@savedlistf=\count413
\c@location=\count414
\c@savedlocation=\count415
\c@organization=\count416
\c@savedorganization=\count417
\c@origlocation=\count418
\c@savedoriglocation=\count419
\c@origpublisher=\count420
\c@savedorigpublisher=\count421
\c@publisher=\count422
\c@savedpublisher=\count423
\c@language=\count424
\c@savedlanguage=\count425
\c@origlanguage=\count426
\c@savedoriglanguage=\count427
\c@pageref=\count428
\c@savedpageref=\count429
\shorthandwidth=\skip78
\shortjournalwidth=\skip79
\shortserieswidth=\skip80
\shorttitlewidth=\skip81
\shortauthorwidth=\skip82
\shorteditorwidth=\skip83
\locallabelnumberwidth=\skip84
\locallabelalphawidth=\skip85
\localshorthandwidth=\skip86
\localshortjournalwidth=\skip87
\localshortserieswidth=\skip88
\localshorttitlewidth=\skip89
\localshortauthorwidth=\skip90
\localshorteditorwidth=\skip91
Package biblatex Info: Trying to load enhanced support for Unicode engines...
Package biblatex Info: ... file 'blx-unicode.def' found.
 (/Users/version22/Library/TinyTeX/texmf-dist/tex/latex/biblatex/blx-unicode.def)
Package biblatex Info: Trying to load compatibility code...
Package biblatex Info: ... file 'blx-compat.def' found.
 (/Users/version22/Library/TinyTeX/texmf-dist/tex/latex/biblatex/blx-compat.def
File: blx-compat.def 2024/03/21 v3.20 biblatex compatibility (PK/MW)
)
Package biblatex Info: Trying to load generic definitions...
Package biblatex Info: ... file 'biblatex.def' found.
 (/Users/version22/Library/TinyTeX/texmf-dist/tex/latex/biblatex/biblatex.def
File: biblatex.def 2024/03/21 v3.20 biblatex compatibility (PK/MW)
\c@textcitecount=\count430
\c@textcitetotal=\count431
\c@textcitemaxnames=\count432
\c@biburlbigbreakpenalty=\count433
\c@biburlbreakpenalty=\count434
\c@biburlnumpenalty=\count435
\c@biburlucpenalty=\count436
\c@biburllcpenalty=\count437
\biburlbigskip=\muskip18
\biburlnumskip=\muskip19
\biburlucskip=\muskip20
\biburllcskip=\muskip21
\c@smartand=\count438
)
Package biblatex Info: Trying to load bibliography style 'numeric'...
Package biblatex Info: ... file 'numeric.bbx' found.
 (/Users/version22/Library/TinyTeX/texmf-dist/tex/latex/biblatex/bbx/numeric.bbx
File: numeric.bbx 2024/03/21 v3.20 biblatex bibliography style (PK/MW)
Package biblatex Info: Trying to load bibliography style 'standard'...
Package biblatex Info: ... file 'standard.bbx' found.
 (/Users/version22/Library/TinyTeX/texmf-dist/tex/latex/biblatex/bbx/standard.bbx
File: standard.bbx 2024/03/21 v3.20 biblatex bibliography style (PK/MW)
\c@bbx:relatedcount=\count439
\c@bbx:relatedtotal=\count440
))
Package biblatex Info: Trying to load citation style 'numeric'...
Package biblatex Info: ... file 'numeric.cbx' found.
 (/Users/version22/Library/TinyTeX/texmf-dist/tex/latex/biblatex/cbx/numeric.cbx
File: numeric.cbx 2024/03/21 v3.20 biblatex citation style (PK/MW)
Package biblatex Info: Redefining '\cite'.
Package biblatex Info: Redefining '\parencite'.
Package biblatex Info: Redefining '\footcite'.
Package biblatex Info: Redefining '\footcitetext'.
Package biblatex Info: Redefining '\smartcite'.
Package biblatex Info: Redefining '\supercite'.
Package biblatex Info: Redefining '\textcite'.
Package biblatex Info: Redefining '\textcites'.
Package biblatex Info: Redefining '\cites'.
Package biblatex Info: Redefining '\parencites'.
Package biblatex Info: Redefining '\smartcites'.
)
Package biblatex Info: Trying to load configuration file...
Package biblatex Info: ... file 'biblatex.cfg' found.
 (/Users/version22/Library/TinyTeX/texmf-dist/tex/latex/biblatex/biblatex.cfg
File: biblatex.cfg 
)
Package biblatex Info: XeTeX detected.
(biblatex)             Assuming input encoding 'utf8'.
Package biblatex Info: Document encoding is UTF8 ....
Package biblatex Info: ... and expl3
(biblatex)             2025-03-26 L3 programming layer (loader) 
(biblatex)             is new enough (at least 2020/04/06),
(biblatex)             setting 'casechanger=expl3'.
 (/Users/version22/Library/TinyTeX/texmf-dist/tex/latex/biblatex/blx-case-expl3.sty
Package: blx-case-expl3 2024/03/21 v3.20 expl3 case changing code for biblatex
)) (/Users/version22/Library/TinyTeX/texmf-dist/tex/latex/hyperref/hyperref.sty
Package: hyperref 2024-11-05 v7.01l Hypertext links for LaTeX
 (/Users/version22/Library/TinyTeX/texmf-dist/tex/generic/kvdefinekeys/kvdefinekeys.sty
Package: kvdefinekeys 2019-12-19 v1.6 Define keys (HO)
) (/Users/version22/Library/TinyTeX/texmf-dist/tex/generic/pdfescape/pdfescape.sty
Package: pdfescape 2019/12/09 v1.15 Implements pdfTeX's escape features (HO)
) (/Users/version22/Library/TinyTeX/texmf-dist/tex/latex/hycolor/hycolor.sty
Package: hycolor 2020-01-27 v1.10 Color options for hyperref/bookmark (HO)
) (/Users/version22/Library/TinyTeX/texmf-dist/tex/latex/hyperref/nameref.sty
Package: nameref 2023-11-26 v2.56 Cross-referencing by name of section
 (/Users/version22/Library/TinyTeX/texmf-dist/tex/latex/refcount/refcount.sty
Package: refcount 2019/12/15 v3.6 Data extraction from label references (HO)
) (/Users/version22/Library/TinyTeX/texmf-dist/tex/generic/gettitlestring/gettitlestring.sty
Package: gettitlestring 2019/12/15 v1.6 Cleanup title references (HO)
)
\c@section@level=\count441
) (/Users/version22/Library/TinyTeX/texmf-dist/tex/generic/stringenc/stringenc.sty
Package: stringenc 2019/11/29 v1.12 Convert strings between diff. encodings (HO)
)
\@linkdim=\dimen264
\Hy@linkcounter=\count442
\Hy@pagecounter=\count443
 (/Users/version22/Library/TinyTeX/texmf-dist/tex/latex/hyperref/pd1enc.def
File: pd1enc.def 2024-11-05 v7.01l Hyperref: PDFDocEncoding definition (HO)
) (/Users/version22/Library/TinyTeX/texmf-dist/tex/generic/intcalc/intcalc.sty
Package: intcalc 2019/12/15 v1.3 Expandable calculations with integers (HO)
)
\Hy@SavedSpaceFactor=\count444
 (/Users/version22/Library/TinyTeX/texmf-dist/tex/latex/hyperref/puenc.def
File: puenc.def 2024-11-05 v7.01l Hyperref: PDF Unicode definition (HO)
)
Package hyperref Info: Hyper figures OFF on input line 4157.
Package hyperref Info: Link nesting OFF on input line 4162.
Package hyperref Info: Hyper index ON on input line 4165.
Package hyperref Info: Plain pages OFF on input line 4172.
Package hyperref Info: Backreferencing OFF on input line 4177.
Package hyperref Info: Implicit mode ON; LaTeX internals redefined.
Package hyperref Info: Bookmarks ON on input line 4424.
\c@Hy@tempcnt=\count445
LaTeX Info: Redefining \url on input line 4763.
\XeTeXLinkMargin=\dimen265
 (/Users/version22/Library/TinyTeX/texmf-dist/tex/generic/bitset/bitset.sty
Package: bitset 2019/12/09 v1.3 Handle bit-vector datatype (HO)
 (/Users/version22/Library/TinyTeX/texmf-dist/tex/generic/bigintcalc/bigintcalc.sty
Package: bigintcalc 2019/12/15 v1.5 Expandable calculations on big integers (HO)
))
\Fld@menulength=\count446
\Field@Width=\dimen266
\Fld@charsize=\dimen267
Package hyperref Info: Hyper figures OFF on input line 6042.
Package hyperref Info: Link nesting OFF on input line 6047.
Package hyperref Info: Hyper index ON on input line 6050.
Package hyperref Info: backreferencing OFF on input line 6057.
Package hyperref Info: Link coloring OFF on input line 6062.
Package hyperref Info: Link coloring with OCG OFF on input line 6067.
Package hyperref Info: PDF/A mode OFF on input line 6072.
 (/Users/version22/Library/TinyTeX/texmf-dist/tex/latex/base/atbegshi-ltx.sty
Package: atbegshi-ltx 2021/01/10 v1.0c Emulation of the original atbegshi
package with kernel methods
)
\Hy@abspage=\count447
\c@Item=\count448
\c@Hfootnote=\count449
)
Package hyperref Info: Driver (autodetected): hxetex.
 (/Users/version22/Library/TinyTeX/texmf-dist/tex/latex/hyperref/hxetex.def
File: hxetex.def 2024-11-05 v7.01l Hyperref driver for XeTeX
\pdfm@box=\box61
\c@Hy@AnnotLevel=\count450
\HyField@AnnotCount=\count451
\Fld@listcount=\count452
\c@bookmark@seq@number=\count453
 (/Users/version22/Library/TinyTeX/texmf-dist/tex/latex/rerunfilecheck/rerunfilecheck.sty
Package: rerunfilecheck 2022-07-10 v1.10 Rerun checks for auxiliary files (HO)
 (/Users/version22/Library/TinyTeX/texmf-dist/tex/latex/base/atveryend-ltx.sty
Package: atveryend-ltx 2020/08/19 v1.0a Emulation of the original atveryend package
with kernel methods
) (/Users/version22/Library/TinyTeX/texmf-dist/tex/generic/uniquecounter/uniquecounter.sty
Package: uniquecounter 2019/12/15 v1.4 Provide unlimited unique counter (HO)
)
Package uniquecounter Info: New unique counter `rerunfilecheck' on input line 285.
)
\Hy@SectionHShift=\skip92
)
Package hyperref Info: Option `colorlinks' set `true' on input line 126.


Package biblatex Warning: 'babel/polyglossia' detected but 'csquotes' missing.
(biblatex)                Loading 'csquotes' recommended.

\@quotelevel=\count454
\@quotereset=\count455
(./main.aux (./chapters/01-Dedicace.aux) (./chapters/02-Remerciements.aux) (./chapters/03-Resume.aux) (./chapters/05-Introduction.aux) (./chapters/06-Art.aux) (./chapters/06-Technologie.aux) (./chapters/07-Manuel-Utilisateur.aux) (./chapters/07-Existant.aux) (./chapters/08-Besoins.aux) (./chapters/09-Conception.aux) (./chapters/10-Realisation.aux) (./chapters/11-Implementation-Challenges.aux) (./chapters/12-Conclusion.aux) (./chapters/12-Annexe.aux))
\openout1 = `main.aux'.

LaTeX Font Info:    Checking defaults for OML/cmm/m/it on input line 128.
LaTeX Font Info:    ... okay on input line 128.
LaTeX Font Info:    Checking defaults for OMS/cmsy/m/n on input line 128.
LaTeX Font Info:    ... okay on input line 128.
LaTeX Font Info:    Checking defaults for OT1/cmr/m/n on input line 128.
LaTeX Font Info:    ... okay on input line 128.
LaTeX Font Info:    Checking defaults for T1/cmr/m/n on input line 128.
LaTeX Font Info:    ... okay on input line 128.
LaTeX Font Info:    Checking defaults for TS1/cmr/m/n on input line 128.
LaTeX Font Info:    ... okay on input line 128.
LaTeX Font Info:    Checking defaults for TU/lmr/m/n on input line 128.
LaTeX Font Info:    ... okay on input line 128.
LaTeX Font Info:    Checking defaults for OMX/cmex/m/n on input line 128.
LaTeX Font Info:    ... okay on input line 128.
LaTeX Font Info:    Checking defaults for U/cmr/m/n on input line 128.
LaTeX Font Info:    ... okay on input line 128.
LaTeX Font Info:    Checking defaults for PD1/pdf/m/n on input line 128.
LaTeX Font Info:    ... okay on input line 128.
LaTeX Font Info:    Checking defaults for PU/pdf/m/n on input line 128.
LaTeX Font Info:    ... okay on input line 128.

Package fontspec Info: 
(fontspec)             Adjusting the maths setup (use [no-math] to avoid
(fontspec)             this).

\symlegacymaths=\mathgroup4
LaTeX Font Info:    Overwriting symbol font `legacymaths' in version `bold'
(Font)                  OT1/cmr/m/n --> OT1/cmr/bx/n on input line 128.
LaTeX Font Info:    Redeclaring math accent \acute on input line 128.
LaTeX Font Info:    Redeclaring math accent \grave on input line 128.
LaTeX Font Info:    Redeclaring math accent \ddot on input line 128.
LaTeX Font Info:    Redeclaring math accent \tilde on input line 128.
LaTeX Font Info:    Redeclaring math accent \bar on input line 128.
LaTeX Font Info:    Redeclaring math accent \breve on input line 128.
LaTeX Font Info:    Redeclaring math accent \check on input line 128.
LaTeX Font Info:    Redeclaring math accent \hat on input line 128.
LaTeX Font Info:    Redeclaring math accent \dot on input line 128.
LaTeX Font Info:    Redeclaring math accent \mathring on input line 128.
LaTeX Font Info:    Redeclaring math symbol \colon on input line 128.
LaTeX Font Info:    Redeclaring math symbol \Gamma on input line 128.
LaTeX Font Info:    Redeclaring math symbol \Delta on input line 128.
LaTeX Font Info:    Redeclaring math symbol \Theta on input line 128.
LaTeX Font Info:    Redeclaring math symbol \Lambda on input line 128.
LaTeX Font Info:    Redeclaring math symbol \Xi on input line 128.
LaTeX Font Info:    Redeclaring math symbol \Pi on input line 128.
LaTeX Font Info:    Redeclaring math symbol \Sigma on input line 128.
LaTeX Font Info:    Redeclaring math symbol \Upsilon on input line 128.
LaTeX Font Info:    Redeclaring math symbol \Phi on input line 128.
LaTeX Font Info:    Redeclaring math symbol \Psi on input line 128.
LaTeX Font Info:    Redeclaring math symbol \Omega on input line 128.
LaTeX Font Info:    Redeclaring math symbol \mathdollar on input line 128.
LaTeX Font Info:    Redeclaring symbol font `operators' on input line 128.
LaTeX Font Info:    Encoding `OT1' has changed to `TU' for symbol font
(Font)              `operators' in the math version `normal' on input line 128.
LaTeX Font Info:    Overwriting symbol font `operators' in version `normal'
(Font)                  OT1/cmr/m/n --> TU/lmr/m/n on input line 128.
LaTeX Font Info:    Encoding `OT1' has changed to `TU' for symbol font
(Font)              `operators' in the math version `bold' on input line 128.
LaTeX Font Info:    Overwriting symbol font `operators' in version `bold'
(Font)                  OT1/cmr/bx/n --> TU/lmr/m/n on input line 128.
LaTeX Font Info:    Overwriting symbol font `operators' in version `normal'
(Font)                  TU/lmr/m/n --> TU/lmr/m/n on input line 128.
LaTeX Font Info:    Overwriting math alphabet `\mathit' in version `normal'
(Font)                  OT1/cmr/m/it --> TU/lmr/m/it on input line 128.
LaTeX Font Info:    Overwriting math alphabet `\mathbf' in version `normal'
(Font)                  OT1/cmr/bx/n --> TU/lmr/b/n on input line 128.
LaTeX Font Info:    Overwriting math alphabet `\mathsf' in version `normal'
(Font)                  OT1/cmss/m/n --> TU/lmss/m/n on input line 128.
LaTeX Font Info:    Overwriting math alphabet `\mathtt' in version `normal'
(Font)                  OT1/cmtt/m/n --> TU/lmtt/m/n on input line 128.
LaTeX Font Info:    Overwriting symbol font `operators' in version `bold'
(Font)                  TU/lmr/m/n --> TU/lmr/b/n on input line 128.
LaTeX Font Info:    Overwriting math alphabet `\mathit' in version `bold'
(Font)                  OT1/cmr/bx/it --> TU/lmr/b/it on input line 128.
LaTeX Font Info:    Overwriting math alphabet `\mathsf' in version `bold'
(Font)                  OT1/cmss/bx/n --> TU/lmss/b/n on input line 128.
LaTeX Font Info:    Overwriting math alphabet `\mathtt' in version `bold'
(Font)                  OT1/cmtt/m/n --> TU/lmtt/b/n on input line 128.
Package french.ldf Info: Setting StandardItemizeEnv=true for
(french.ldf)             compatibility with enumitem package,
(french.ldf)             reported on input line 128.
Package french.ldf Info: Setting StandardEnumerateEnv=true for
(french.ldf)             compatibility with enumitem package,
(french.ldf)             reported on input line 128.
LaTeX Info: Redefining \up on input line 128.

*geometry* driver: auto-detecting
*geometry* detected driver: xetex
*geometry* verbose mode - [ preamble ] result:
* driver: xetex
* paper: a4paper
* layout: <same size as paper>
* layoutoffset:(h,v)=(0.0pt,0.0pt)
* modes: 
* h-part:(L,W,R)=(56.9055pt, 483.69687pt, 56.9055pt)
* v-part:(T,H,B)=(56.9055pt, 731.23584pt, 56.9055pt)
* \paperwidth=597.50787pt
* \paperheight=845.04684pt
* \textwidth=483.69687pt
* \textheight=731.23584pt
* \oddsidemargin=-15.36449pt
* \evensidemargin=-15.36449pt
* \topmargin=-55.86449pt
* \headheight=15.5pt
* \headsep=25.0pt
* \topskip=12.0pt
* \footskip=30.0pt
* \marginparwidth=35.0pt
* \marginparsep=10.0pt
* \columnsep=10.0pt
* \skip\footins=10.8pt plus 4.0pt minus 2.0pt
* \hoffset=0.0pt
* \voffset=0.0pt
* \mag=1000
* \@twocolumnfalse
* \@twosidefalse
* \@mparswitchfalse
* \@reversemarginfalse
* (1in=72.27pt=25.4mm, 1cm=28.453pt)

\c@lstlisting=\count456
Package caption Info: Begin \AtBeginDocument code.
Package caption Info: hyperref package is loaded.
Package caption Info: End \AtBeginDocument code.
Package biblatex Info: Trying to load language 'french'...
Package biblatex Info: ... file 'french.lbx' found.
(/Users/version22/Library/TinyTeX/texmf-dist/tex/latex/biblatex/lbx/french.lbx
File: french.lbx 2024/03/21 v3.20 biblatex localization (PK/MW)
)
Package biblatex Info: XeTeX detected.
(biblatex)             Assuming input encoding 'utf8'.
Package biblatex Info: Automatic encoding selection.
(biblatex)             Assuming data encoding 'utf8'.
\openout3 = `main.bcf'.

Package biblatex Info: Trying to load bibliographic data...
Package biblatex Info: ... file 'main.bbl' not found.

No file main.bbl.
Package biblatex Info: Reference section=0 on input line 128.
Package biblatex Info: Reference segment=0 on input line 128.
Package hyperref Info: Link coloring ON on input line 128.
(./main.out) (./main.out)
\@outlinefile=\write4
\openout4 = `main.out'.



[1

]
\openout2 = `chapters/01-Dedicace.aux'.

 (./chapters/01-Dedicace.tex)

[1


]
\openout2 = `chapters/02-Remerciements.aux'.

 (./chapters/02-Remerciements.tex
Overfull \hbox (9.78717pt too wide) in paragraph at lines 33--35
[]\TU/lmr/m/n/12 Un remerciement spécial à tous ceux qui m’ont aidé à surmonter les défis techniques, notamment
 []

)

[2




]
\openout2 = `chapters/03-Resume.aux'.

 (./chapters/03-Resume.tex
Overfull \hbox (5.45518pt too wide) in paragraph at lines 2--3
\TU/lmr/m/n/12 réel utilisant React Native pour le frontend mobile, React.js pour le tableau de bord administratif,
 []


Overfull \hbox (1.51518pt too wide) in paragraph at lines 14--15
[]\TU/lmr/bx/n/12 Mots clés : \TU/lmr/m/n/12 Enchères en temps réel, React Native, Node.js, MongoDB, Socket.IO, Application
 []



[3




])
Overfull \hbox (20.78317pt too wide) in paragraph at lines 29--148
[]\TU/lmr/bx/n/12 Keywords : \TU/lmr/m/n/12 Real-time auctions, React Native, Node.js, MongoDB, Socket.IO, Mobile application 
 []



[4

] (./main.toc
LaTeX Font Info:    External font `cmex10' loaded for size
(Font)              <12> on input line 3.
LaTeX Font Info:    External font `cmex10' loaded for size
(Font)              <8> on input line 3.
LaTeX Font Info:    External font `cmex10' loaded for size
(Font)              <6> on input line 3.


[5



]

[6]

[7]

[8]

[9])
\tf@toc=\write5
\openout5 = `main.toc'.



[10] (./main.lof)
\tf@lof=\write6
\openout6 = `main.lof'.



[11

] (./main.lot)
\tf@lot=\write7
\openout7 = `main.lot'.



[12

]
\openout2 = `chapters/05-Introduction.aux'.

 (./chapters/05-Introduction.tex
Chapitre 1.

Overfull \hbox (13.89114pt too wide) in paragraph at lines 5--6
[]\TU/lmr/m/n/12 Le marché des ventes de véhicules d’occasion connaît une transformation numérique significative,
 []



[1



]
Overfull \hbox (14.43118pt too wide) in paragraph at lines 44--45
[]\TU/lmr/m/n/12 Garantir la sécurité et l’intégrité des données dans un environnement d’enchères concurrentiel 
 []


Overfull \hbox (0.40718pt too wide) in paragraph at lines 45--46
[]\TU/lmr/m/n/12 Optimiser les performances pour assurer une expérience fluide, même lors de pics d’activité 
 []



[2])

[3]
\openout2 = `chapters/06-Art.aux'.

 (./chapters/06-Art.tex
Chapitre 2.

Overfull \hbox (36.96318pt too wide) in paragraph at lines 18--19
[]\TU/lmr/bx/n/12 Quatrième génération (2015-présent) \TU/lmr/m/n/12 : Intégration de technologies temps réel, d’applications
 []



[4




]
Overfull \hbox (30.59915pt too wide) in paragraph at lines 46--47
[]\TU/lmr/m/n/12 Plateforme spécialisée dans les véhicules de collection et d’enthousiaste, caractérisée
 []


Overfull \hbox (19.08412pt too wide) in paragraph at lines 63--63
[]|\TU/lmr/bx/n/12 Caractéristique| 
 []


Underfull \hbox (badness 10000) in paragraph at lines 63--63
[]|\TU/lmr/bx/n/12 Bring a
 []


Underfull \hbox (badness 10000) in paragraph at lines 63--63
[]|\TU/lmr/bx/n/12 Cars &
 []


Underfull \hbox (badness 10000) in paragraph at lines 63--63
[]|\TU/lmr/bx/n/12 eBay
 []


Overfull \hbox (6.5505pt too wide) in paragraph at lines 63--64
[]|\TU/lmr/bx/n/12 CarOnSale| 
 []


Overfull \hbox (22.1505pt too wide) in paragraph at lines 65--65
[]|\TU/lmr/m/n/12 Collectionneurs| 
 []


Overfull \hbox (13.63051pt too wide) in paragraph at lines 65--65
[]|\TU/lmr/m/n/12 Enthousiastes
 []


Underfull \hbox (badness 10000) in paragraph at lines 65--65
[]|\TU/lmr/m/n/12 Grand
 []


Overfull \hbox (14.9265pt too wide) in paragraph at lines 65--65
[]|\TU/lmr/m/n/12 Professionnels| 
 []


Overfull \hbox (14.9265pt too wide) in paragraph at lines 65--66
[]|\TU/lmr/m/n/12 Professionnels| 
 []


Underfull \hbox (badness 10000) in paragraph at lines 67--67
[]|\TU/lmr/m/n/12 Durée
 []


Underfull \hbox (badness 10000) in paragraph at lines 67--67
[]|\TU/lmr/m/n/12 Court
 []


Underfull \hbox (badness 10000) in paragraph at lines 69--69
[]|\TU/lmr/m/n/12 Extension
 []


Overfull \hbox (10.15613pt too wide) in paragraph at lines 73--73
[]|\TU/lmr/m/n/12 Communication
 []


Underfull \hbox (badness 10000) in paragraph at lines 75--75
[]|\TU/lmr/m/n/12 Par la
 []


Overfull \hbox (8.7105pt too wide) in paragraph at lines 75--75
\TU/lmr/m/n/12 communauté| 
 []


Overfull \hbox (2.1825pt too wide) in paragraph at lines 75--75
[]|\TU/lmr/m/n/12 Vérification
 []


Overfull \hbox (2.5065pt too wide) in paragraph at lines 75--75
[]|\TU/lmr/m/n/12 Optionnelle| 
 []


Overfull \hbox (8.4465pt too wide) in paragraph at lines 75--76
[]|\TU/lmr/m/n/12 Standardisée| 
 []


Underfull \hbox (badness 10000) in paragraph at lines 77--77
[]|\TU/lmr/m/n/12 Modèle de
 []


Overfull \hbox (5.2425pt too wide) in paragraph at lines 77--77
[]|\TU/lmr/m/n/12 Commission
 []


Overfull \hbox (5.2425pt too wide) in paragraph at lines 77--77
[]|\TU/lmr/m/n/12 Commission
 []


Overfull \hbox (5.2425pt too wide) in paragraph at lines 77--77
[]|\TU/lmr/m/n/12 Commission
 []


Underfull \hbox (badness 10000) in paragraph at lines 77--77
[]|\TU/lmr/m/n/12 Frais
 []


Overfull \hbox (7.1385pt too wide) in paragraph at lines 77--77
\TU/lmr/m/n/12 d’inscription
 []


Underfull \hbox (badness 10000) in paragraph at lines 77--77
\TU/lmr/m/n/12 et
 []


Overfull \hbox (1.9785pt too wide) in paragraph at lines 77--77
\TU/lmr/m/n/12 commission| 
 []


Overfull \hbox (5.2425pt too wide) in paragraph at lines 77--78
[]|\TU/lmr/m/n/12 Commission
 []


Overfull \hbox (2.83516pt too wide) in paragraph at lines 101--102
[]\TU/lmr/m/n/12 Le débat entre applications natives et hybrides reste pertinent pour les plateformes d’enchères : 
 []



[5]
Overfull \hbox (10.05118pt too wide) in paragraph at lines 106--107
[]\TU/lmr/bx/n/12 Applications hybrides \TU/lmr/m/n/12 : Permettent un développement unique pour plusieurs plateformes,
 []


Overfull \hbox (10.43918pt too wide) in paragraph at lines 113--114
[]\TU/lmr/m/n/12 Les tendances modernes en matière d’interface utilisateur pour les systèmes d’enchères incluent : 
 []


Overfull \hbox (26.33514pt too wide) in paragraph at lines 122--123
[]\TU/lmr/bx/n/12 Microinteractions \TU/lmr/m/n/12 : Petites animations fonctionnelles qui enrichissent l’expérience utilisateur,
 []


Overfull \hbox (34.27917pt too wide) in paragraph at lines 136--137
[]\TU/lmr/bx/n/12 gRPC \TU/lmr/m/n/12 : Protocole haute performance utilisant Protocol Buffers, adapté pour les communications
 []


Overfull \hbox (21.67386pt too wide) in paragraph at lines 139--140
[]\TU/lmr/m/n/12 Notre système utilise principalement une API RESTful pour sa simplicité et sa large compatibilité,
 []


Overfull \hbox (4.6712pt too wide) in paragraph at lines 150--151
[]\TU/lmr/bx/n/12 Socket.IO \TU/lmr/m/n/12 : Bibliothèque qui simplifie l’utilisation des WebSockets avec des fonctionnalités
 []



[6]
Overfull \hbox (13.16586pt too wide) in paragraph at lines 171--172
[]\TU/lmr/m/n/12 Des bases NoSQL pour les données à haute vélocité ou nécessitant une évolutivité particulière
 []


Overfull \hbox (7.43767pt too wide) in paragraph at lines 197--198
[]\TU/lmr/bx/n/12 OAuth 2.0 / OpenID Connect \TU/lmr/m/n/12 : Protocoles standardisés pour l’authentification déléguée
 []


Overfull \hbox (2.41516pt too wide) in paragraph at lines 199--200
[]\TU/lmr/bx/n/12 Authentification Multi-facteurs \TU/lmr/m/n/12 : Couche de sécurité supplémentaire devenue standard
 []


Overfull \hbox (26.65118pt too wide) in paragraph at lines 206--207
[]\TU/lmr/m/n/12 La sécurité des transactions est particulièrement critique dans les systèmes d’enchères automobiles : 
 []


Overfull \hbox (21.88315pt too wide) in paragraph at lines 209--210
[]\TU/lmr/bx/n/12 Validation stricte des enchères \TU/lmr/m/n/12 : Vérifications côté serveur pour prévenir les manipulations. 
 []


Overfull \hbox (13.52718pt too wide) in paragraph at lines 215--216
[]\TU/lmr/bx/n/12 Chiffrement de bout en bout \TU/lmr/m/n/12 : Protection des communications sensibles entre l’utilisateur
 []



[7]
Overfull \hbox (29.26718pt too wide) in paragraph at lines 217--218
[]\TU/lmr/bx/n/12 Détection de fraude \TU/lmr/m/n/12 : Algorithmes de détection d’anomalies pour identifier les comportements
 []


Overfull \hbox (8.65785pt too wide) in paragraph at lines 257--258
[]\TU/lmr/bx/n/12 Visites virtuelles \TU/lmr/m/n/12 : Exploration détaillée des véhicules en 3D sans nécessité de déplacement
 []



[8]
Overfull \hbox (7.52718pt too wide) in paragraph at lines 293--294
[]\TU/lmr/bx/n/12 Marchés émergents \TU/lmr/m/n/12 : Expansion dans des régions où le commerce électronique automobile
 []


Overfull \hbox (39.43117pt too wide) in paragraph at lines 305--306
[]\TU/lmr/m/n/12 Une approche centrée sur l’expérience mobile, reflétant la transition vers un usage majoritairement
 []


Overfull \hbox (10.15918pt too wide) in paragraph at lines 307--308
[]\TU/lmr/m/n/12 Une architecture évolutive capable d’intégrer progressivement les innovations technologiques 
 []

)

[9]
\openout2 = `chapters/06-Technologie.aux'.

 (./chapters/06-Technologie.tex
Chapitre 3.

Overfull \hbox (27.37518pt too wide) in paragraph at lines 5--6
\TU/lmr/m/n/12 technologique robuste et moderne, capable de gérer efficacement les communications bidirectionnelles,
 []



[10




]
Overfull \hbox (7.43517pt too wide) in paragraph at lines 98--99
[]\TU/lmr/bx/n/12 AsyncStorage \TU/lmr/m/n/12 : Pour la persistance locale des données comme les tokens d’authentification 
 []



[11]

[12]

[13]

[14]

[15]

[16]

[17]

[18]

[19]

[20]

[21]

[22]

[23]
Overfull \hbox (4.02718pt too wide) in paragraph at lines 743--744
[]\TU/lmr/bx/n/12 Dénormalisation contrôlée \TU/lmr/m/n/12 : Stockage de données redondantes stratégiques pour réduire
 []



[24]
Overfull \hbox (34.5072pt too wide) in paragraph at lines 827--840
 [][] 
 []

)

[25]
\openout2 = `chapters/07-Manuel-Utilisateur.aux'.

 (./chapters/07-Manuel-Utilisateur.tex
Chapitre 4.

Overfull \hbox (5.74716pt too wide) in paragraph at lines 12--13
[]\TU/lmr/m/n/12 Personnes intéressées par l’achat de véhicules via le système d’enchères.
 []


Overfull \hbox (1.06717pt too wide) in paragraph at lines 13--14
[]\TU/lmr/m/n/12 Gestionnaires de la plateforme responsables de la configuration des enchères,
 []



[26




]

[27]

[28]

[29]
Overfull \hbox (0.40717pt too wide) in paragraph at lines 320--321
[]\TU/lmr/bx/n/12 Retard dans les mises à jour \TU/lmr/m/n/12 : Fermer et rouvrir l’application pour rétablir la connexion
 []



[30]
File: images/login page.png Graphic file (type bmp)
<images/login page.png>
File: images/signup page.png Graphic file (type bmp)
<images/signup page.png>


[31]
File: images/home page with live auctions.png Graphic file (type bmp)
<images/home page with live auctions.png>
File: images/home page with upcoming auctions.png Graphic file (type bmp)
<images/home page with upcoming auctions.png>


[32]
File: images/auction page with active bids.png Graphic file (type bmp)
<images/auction page with active bids.png>
File: images/auction page with won bids.png Graphic file (type bmp)
<images/auction page with won bids.png>
File: images/auction page with lost bids.png Graphic file (type bmp)
<images/auction page with lost bids.png>


[33]
File: images/profile screen.png Graphic file (type bmp)
<images/profile screen.png>
File: images/profile edit .png Graphic file (type bmp)
<images/profile edit .png>


[34]
File: images/auction details 1 .png Graphic file (type bmp)
<images/auction details 1 .png>
File: images/auction details 2.png Graphic file (type bmp)
<images/auction details 2.png>


[35]
File: images/auctions history.png Graphic file (type bmp)
<images/auctions history.png>


[36]

[37])

[38]
\openout2 = `chapters/07-Existant.aux'.

 (./chapters/07-Existant.tex
Chapitre 5.


[39




])

[40]
\openout2 = `chapters/08-Besoins.aux'.

 (./chapters/08-Besoins.tex
Chapitre 6.

Overfull \hbox (22.68718pt too wide) in paragraph at lines 12--13
\TU/lmr/m/n/12 vendeurs potentiels, des experts du marché automobile, et des professionnels du développement
 []


Overfull \hbox (21.8512pt too wide) in paragraph at lines 14--15
[]\TU/lmr/bx/n/12 Ateliers de brainstorming \TU/lmr/m/n/12 : Sessions collaboratives pour générer des idées de fonctionnalités
 []



[41




]
Overfull \hbox (22.90715pt too wide) in paragraph at lines 65--66
[]\TU/lmr/m/n/12 Le système doit distinguer au moins deux types d’utilisateurs : standard et administrateur 
 []


Overfull \hbox (16.89912pt too wide) in paragraph at lines 113--114
[]\TU/lmr/m/n/12 Des règles spécifiques (extension automatique, prix de réserve) doivent être configurables 
 []



[42]
Overfull \hbox (5.28314pt too wide) in paragraph at lines 146--147
[]\TU/lmr/m/n/12 Les utilisateurs doivent recevoir des notifications push pour les événements importants 
 []


Overfull \hbox (14.39912pt too wide) in paragraph at lines 147--148
[]\TU/lmr/m/n/12 Les notifications doivent inclure : surenchères, fin imminente, enchère remportée/perdue 
 []



[43]

[44]

[45]

[46]
Underfull \hbox (badness 10000) in paragraph at lines 418--418
[]|\TU/lmr/m/n/12 Inscription des
 []


Underfull \hbox (badness 10000) in paragraph at lines 418--419
[]|\TU/lmr/m/n/12 AuthController,
 []


Overfull \hbox (18.66898pt too wide) in paragraph at lines 419--421
[]|\TU/lmr/m/n/12 Test_Registration_Valid,
 []


Overfull \hbox (23.57698pt too wide) in paragraph at lines 419--421
\TU/lmr/m/n/12 Test_Registration_Invalid| 
 []


Underfull \hbox (badness 10000) in paragraph at lines 422--424
[]|\TU/lmr/m/n/12 BidController,
 []


Underfull \hbox (badness 10000) in paragraph at lines 422--424
\TU/lmr/m/n/12 BidService,
 []


Underfull \hbox (badness 10000) in paragraph at lines 424--427
[]|\TU/lmr/m/n/12 Test_Bid_Valid,
 []


Overfull \hbox (4.88098pt too wide) in paragraph at lines 424--427
\TU/lmr/m/n/12 Test_Bid_Concurrent,
 []


Overfull \hbox (4.23299pt too wide) in paragraph at lines 424--427
\TU/lmr/m/n/12 Test_Bid_Notification| 
 []


Underfull \hbox (badness 10000) in paragraph at lines 428--429
[]|\TU/lmr/m/n/12 NotificationService,
 []


Overfull \hbox (25.95299pt too wide) in paragraph at lines 429--431
[]|\TU/lmr/m/n/12 Test_Notification_Outbid,
 []


Overfull \hbox (47.98499pt too wide) in paragraph at lines 429--431
\TU/lmr/m/n/12 Test_Notification_EndingSoon| 
 []


Underfull \hbox (badness 10000) in paragraph at lines 432--432
[]|\TU/lmr/m/n/12 Sécurité des
 []


Underfull \hbox (badness 10000) in paragraph at lines 432--433
[]|\TU/lmr/m/n/12 AuthMiddleware,
 []


Overfull \hbox (47.49298pt too wide) in paragraph at lines 433--435
[]|\TU/lmr/m/n/12 Test_Security_Authentication,
 []


Overfull \hbox (30.58498pt too wide) in paragraph at lines 433--435
\TU/lmr/m/n/12 Test_Transaction_Integrity| 
 []

)

[47]
\openout2 = `chapters/09-Conception.aux'.

 (./chapters/09-Conception.tex
Chapitre 7.

Overfull \hbox (18.53517pt too wide) in paragraph at lines 4--5
[]\TU/lmr/m/n/12 Ce chapitre présente l’architecture et la conception détaillée du système d’enchères d’automobiles.
 []


Overfull \hbox (8.47917pt too wide) in paragraph at lines 4--5
\TU/lmr/m/n/12 Notre approche de conception suit les principes de l’architecture client-serveur moderne, optimisée
 []

File: images/Editor _ Mermaid Chart-2025-04-03-140837.png Graphic file (type bmp)
<images/Editor _ Mermaid Chart-2025-04-03-140837.png>

LaTeX Warning: `h' float specifier changed to `ht'.


Overfull \hbox (20.23917pt too wide) in paragraph at lines 39--40
[]\TU/lmr/m/n/12 Fonctionnalité réservée à l’administrateur pour ajouter, modifier ou supprimer
 []


Overfull \hbox (33.52318pt too wide) in paragraph at lines 40--41
[]\TU/lmr/m/n/12 Fonctionnalité réservée à l’administrateur pour gérer les comptes utilisateurs. 
 []


Overfull \hbox (9.10315pt too wide) in paragraph at lines 41--42
[]\TU/lmr/m/n/12 Fonctionnalité réservée à l’administrateur pour initier une nouvelle enchère. 
 []


Overfull \hbox (6.10715pt too wide) in paragraph at lines 45--46
[]\TU/lmr/m/n/12 Le diagramme de séquence suivant illustre le flux d’interaction entre les différentes composantes
 []

File: images/Editor _ Mermaid Chart-2025-04-03-141556.png Graphic file (type bmp)
<images/Editor _ Mermaid Chart-2025-04-03-141556.png>

LaTeX Warning: Float too large for page by 466.924pt on input line 52.



[48




]
File: images/Editor _ Mermaid Chart-2025-04-03-140758.png Graphic file (type bmp)
<images/Editor _ Mermaid Chart-2025-04-03-140758.png>

Overfull \hbox (14.38719pt too wide) in paragraph at lines 89--90
[]\TU/lmr/m/n/12 Permet d’informer les utilisateurs des événements importants comme les surenchères
 []



[49]

[50])

[51]

[52]

[53]

[54]
\openout2 = `chapters/10-Realisation.aux'.

 (./chapters/10-Realisation.tex
Chapitre 8.

Overfull \hbox (2.05916pt too wide) in paragraph at lines 40--41
[]\TU/lmr/m/n/12 Pour maintenir la cohérence de l’interface et optimiser le développement, plusieurs composants
 []



[55




]

[56]
Overfull \hbox (4.60718pt too wide) in paragraph at lines 139--140
[]\TU/lmr/m/n/12 Le backend est implémenté en utilisant Node.js et Express.js, suivant une architecture RESTful
 []



[57]

[58]

[59]

[60]

[61]

[62]

[63])

[64]
\openout2 = `chapters/11-Implementation-Challenges.aux'.

 (./chapters/11-Implementation-Challenges.tex
Chapitre 9.

Overfull \hbox (18.37117pt too wide) in paragraph at lines 13--14
[]\TU/lmr/m/n/12 Conflit potentiel lors de la détermination du gagnant si plusieurs offres arrivent simultanément 
 []


Overfull \hbox (13.98315pt too wide) in paragraph at lines 19--20
[]\TU/lmr/m/n/12 Une architecture basée sur les transactions MongoDB, garantissant l’atomicité des opérations 
 []


Overfull \hbox (34.78719pt too wide) in paragraph at lines 20--21
[]\TU/lmr/m/n/12 Un mécanisme de verrouillage optimiste pour prévenir les mises à jour simultanées contradictoires 
 []


Overfull \hbox (4.52307pt too wide) in paragraph at lines 58--58
[]    \TU/lmtt/m/n/12 if (amount <= auction.currentPrice) throw new Error('Montant insuffisant');[] 
 []



[65




]

[66]
Overfull \hbox (53.96307pt too wide) in paragraph at lines 103--103
[]      \TU/lmtt/m/n/12 auctionNamespace.to(`auction_${data.auctionId}`).emit('bid_update', result.data);[] 
 []



[67]

[68]
Overfull \hbox (6.85515pt too wide) in paragraph at lines 241--243
[]\TU/lmr/m/n/12 Par rapport aux plateformes d’enchères automobile existantes, notre solution présente plusieurs
 []



[69])

[70]
\openout2 = `chapters/12-Conclusion.aux'.

 (./chapters/12-Conclusion.tex
Chapitre 10.

Overfull \hbox (7.32718pt too wide) in paragraph at lines 5--6
[]\TU/lmr/m/n/12 Le développement du système d’enchères automobiles a représenté un défi technique significatif,
 []


Overfull \hbox (5.37517pt too wide) in paragraph at lines 12--13
[]\TU/lmr/m/n/12 Une architecture complète client-serveur utilisant des technologies modernes (React Native,
 []


Overfull \hbox (8.71118pt too wide) in paragraph at lines 13--14
[]\TU/lmr/m/n/12 Un système d’enchères en temps réel performant et fiable, gérant efficacement la concurrence 
 []



[71




]
Overfull \hbox (1.99916pt too wide) in paragraph at lines 58--59
[]\TU/lmr/m/n/12 Ce projet a constitué une expérience enrichissante tant sur le plan personnel que professionnel : 
 []


Overfull \hbox (16.56319pt too wide) in paragraph at lines 104--105
\TU/lmr/m/n/12 notre parcours professionnel. Au-delà des aspects techniques, ce projet nous a permis de comprendre
 []

)

[72]

[73]
\openout2 = `chapters/12-Annexe.aux'.

 (./chapters/12-Annexe.tex
Chapitre 11.
(/Users/version22/Library/TinyTeX/texmf-dist/tex/latex/listings/lstlang1.sty
File: lstlang1.sty 2024/09/23 1.10c listings language file
) (/Users/version22/Library/TinyTeX/texmf-dist/tex/latex/listings/lstlang1.sty
File: lstlang1.sty 2024/09/23 1.10c listings language file
)

[74




]

[75])

[76]

LaTeX Warning: Empty bibliography on input line 170.

(./main.aux (./chapters/01-Dedicace.aux) (./chapters/02-Remerciements.aux) (./chapters/03-Resume.aux) (./chapters/05-Introduction.aux) (./chapters/06-Art.aux) (./chapters/06-Technologie.aux) (./chapters/07-Manuel-Utilisateur.aux) (./chapters/07-Existant.aux) (./chapters/08-Besoins.aux) (./chapters/09-Conception.aux) (./chapters/10-Realisation.aux) (./chapters/11-Implementation-Challenges.aux) (./chapters/12-Conclusion.aux) (./chapters/12-Annexe.aux))
 ***********
LaTeX2e <2024-11-01> patch level 2
L3 programming layer <2025-03-26>
 ***********
Package rerunfilecheck Info: File `main.out' has not changed.
(rerunfilecheck)             Checksum: 29795ADF829790AAA4FE35CBEEAAB6B1;41314.
Package logreq Info: Writing requests to 'main.run.xml'.
\openout1 = `main.run.xml'.

 ) 
Here is how much of TeX's memory you used:
 25011 strings out of 472283
 496100 string characters out of 5529458
 1548516 words of memory out of 5000000
 51143 multiletter control sequences out of 15000+600000
 630057 words of font info for 67 fonts, out of 8000000 for 9000
 14 hyphenation exceptions out of 8191
 73i,12n,80p,1197b,5837s stack positions out of 10000i,1000n,20000p,200000b,200000s

Output written on main.pdf (89 pages).
